0 info it worked if it ends with ok
1 verbose cli [ 'node', '/usr/local/bin/npm', 'install', '-g', 'bower' ]
2 info using npm@2.11.2
3 info using node@v0.12.5
4 verbose install initial load of /usr/local/lib/package.json
5 verbose readDependencies loading dependencies from /usr/local/lib/package.json
6 silly cache add args [ 'bower', null ]
7 verbose cache add spec bower
8 silly cache add parsed spec { raw: 'bower',
8 silly cache add   scope: null,
8 silly cache add   name: 'bower',
8 silly cache add   rawSpec: '',
8 silly cache add   spec: '*',
8 silly cache add   type: 'range' }
9 silly addNamed bower@*
10 verbose addNamed "*" is a valid semver range for bower
11 silly addNameRange { name: 'bower', range: '*', hasData: false }
12 silly mapToRegistry name bower
13 silly mapToRegistry using default registry
14 silly mapToRegistry registry https://registry.npmjs.org/
15 silly mapToRegistry uri https://registry.npmjs.org/bower
16 verbose addNameRange registry:https://registry.npmjs.org/bower not in flight; fetching
17 verbose request uri https://registry.npmjs.org/bower
18 verbose request no auth needed
19 info attempt registry request try #1 at 4:40:08 PM
20 verbose request id cea61ff9e9bfb821
21 verbose etag "RTFW4SCDJFKUOSMDPI2EXL5S"
22 http request GET https://registry.npmjs.org/bower
23 info retry will retry, error on last attempt: Error: tunneling socket could not be established, cause=connect ETIMEDOUT
24 info attempt registry request try #2 at 4:41:33 PM
25 verbose etag "RTFW4SCDJFKUOSMDPI2EXL5S"
26 http request GET https://registry.npmjs.org/bower
27 info retry will retry, error on last attempt: Error: tunneling socket could not be established, cause=connect ETIMEDOUT
28 info attempt registry request try #3 at 4:43:48 PM
29 verbose etag "RTFW4SCDJFKUOSMDPI2EXL5S"
30 http request GET https://registry.npmjs.org/bower
31 silly get cb [ 304, undefined ]
32 verbose etag https://registry.npmjs.org/bower from cache
33 verbose get saving bower to /Users/rritheshrohan/.npm/registry.npmjs.org/bower/.cache.json
34 silly addNameRange number 2 { name: 'bower', range: '*', hasData: true }
35 silly addNameRange versions [ 'bower',
35 silly addNameRange   [ '0.1.0',
35 silly addNameRange     '0.1.2',
35 silly addNameRange     '0.1.3',
35 silly addNameRange     '0.2.0',
35 silly addNameRange     '0.3.0',
35 silly addNameRange     '0.3.1',
35 silly addNameRange     '0.3.2',
35 silly addNameRange     '0.4.0',
35 silly addNameRange     '0.5.0',
35 silly addNameRange     '0.5.1',
35 silly addNameRange     '0.6.0',
35 silly addNameRange     '0.6.1',
35 silly addNameRange     '0.6.2',
35 silly addNameRange     '0.6.3',
35 silly addNameRange     '0.6.4',
35 silly addNameRange     '0.6.5',
35 silly addNameRange     '0.6.6',
35 silly addNameRange     '0.6.7',
35 silly addNameRange     '0.6.8',
35 silly addNameRange     '0.7.0',
35 silly addNameRange     '0.7.1',
35 silly addNameRange     '0.8.0',
35 silly addNameRange     '0.8.1',
35 silly addNameRange     '0.8.2',
35 silly addNameRange     '0.8.3',
35 silly addNameRange     '0.8.4',
35 silly addNameRange     '0.8.5',
35 silly addNameRange     '0.8.6',
35 silly addNameRange     '0.9.0',
35 silly addNameRange     '0.9.1',
35 silly addNameRange     '0.9.2',
35 silly addNameRange     '0.10.0',
35 silly addNameRange     '1.0.0',
35 silly addNameRange     '1.0.1',
35 silly addNameRange     '1.0.2',
35 silly addNameRange     '1.0.3',
35 silly addNameRange     '1.1.0',
35 silly addNameRange     '1.1.1',
35 silly addNameRange     '1.1.2',
35 silly addNameRange     '1.2.0',
35 silly addNameRange     '1.2.1',
35 silly addNameRange     '1.2.2',
35 silly addNameRange     '1.2.3',
35 silly addNameRange     '1.2.4',
35 silly addNameRange     '1.2.5',
35 silly addNameRange     '1.2.6',
35 silly addNameRange     '1.2.7',
35 silly addNameRange     '1.2.8',
35 silly addNameRange     '1.3.0',
35 silly addNameRange     '1.3.1',
35 silly addNameRange     '1.3.2',
35 silly addNameRange     '1.3.3',
35 silly addNameRange     '1.3.4',
35 silly addNameRange     '1.3.5',
35 silly addNameRange     '1.3.6',
35 silly addNameRange     '1.3.7',
35 silly addNameRange     '1.3.8',
35 silly addNameRange     '1.3.9',
35 silly addNameRange     '1.3.10',
35 silly addNameRange     '1.3.11',
35 silly addNameRange     '1.3.12',
35 silly addNameRange     '1.4.0',
35 silly addNameRange     '1.4.1',
35 silly addNameRange     '1.5.0',
35 silly addNameRange     '1.5.1',
35 silly addNameRange     '1.5.2',
35 silly addNameRange     '1.5.3',
35 silly addNameRange     '1.6.2',
35 silly addNameRange     '1.6.3',
35 silly addNameRange     '1.6.4',
35 silly addNameRange     '1.6.5',
35 silly addNameRange     '1.5.4',
35 silly addNameRange     '1.4.2',
35 silly addNameRange     '1.6.6',
35 silly addNameRange     '1.6.7',
35 silly addNameRange     '1.6.8',
35 silly addNameRange     '1.6.9',
35 silly addNameRange     '1.7.0',
35 silly addNameRange     '1.7.1',
35 silly addNameRange     '1.7.2',
35 silly addNameRange     '1.7.5',
35 silly addNameRange     '1.7.6',
35 silly addNameRange     '1.7.7' ] ]
36 silly addNamed bower@1.7.7
37 verbose addNamed "1.7.7" is a plain semver version for bower
38 silly cache afterAdd bower@1.7.7
39 verbose afterAdd /Users/rritheshrohan/.npm/bower/1.7.7/package/package.json not in flight; writing
40 verbose afterAdd /Users/rritheshrohan/.npm/bower/1.7.7/package/package.json written
41 silly install resolved [ { name: 'bower',
41 silly install resolved     version: '1.7.7',
41 silly install resolved     description: 'The browser package manager',
41 silly install resolved     author: { name: 'Twitter' },
41 silly install resolved     license: 'MIT',
41 silly install resolved     repository: { type: 'git', url: 'git+https://github.com/bower/bower.git' },
41 silly install resolved     main: 'lib',
41 silly install resolved     bin: { bower: 'bin/bower' },
41 silly install resolved     homepage: 'http://bower.io',
41 silly install resolved     engines: { node: '>=0.10.0' },
41 silly install resolved     keywords: [ 'bower' ],
41 silly install resolved     files: [ 'bin', 'lib' ],
41 silly install resolved     bugs: { url: 'https://github.com/bower/bower/issues' },
41 silly install resolved     _id: 'bower@1.7.7',
41 silly install resolved     scripts: {},
41 silly install resolved     _shasum: '2fd7ff3ebdcba5a8ffcd84c397c8fdfe9f825f92',
41 silly install resolved     _from: 'bower@*',
41 silly install resolved     _npmVersion: '3.5.3',
41 silly install resolved     _nodeVersion: '4.1.1',
41 silly install resolved     _npmUser: { name: 'sheerun', email: 'sheerun@sher.pl' },
41 silly install resolved     dist:
41 silly install resolved      { shasum: '2fd7ff3ebdcba5a8ffcd84c397c8fdfe9f825f92',
41 silly install resolved        tarball: 'http://registry.npmjs.org/bower/-/bower-1.7.7.tgz' },
41 silly install resolved     maintainers:
41 silly install resolved      [ [Object],
41 silly install resolved        [Object],
41 silly install resolved        [Object],
41 silly install resolved        [Object],
41 silly install resolved        [Object],
41 silly install resolved        [Object],
41 silly install resolved        [Object] ],
41 silly install resolved     directories: {},
41 silly install resolved     _resolved: 'https://registry.npmjs.org/bower/-/bower-1.7.7.tgz',
41 silly install resolved     readme: 'ERROR: No README data found!' } ]
42 info install bower@1.7.7 into /usr/local/lib
43 info installOne bower@1.7.7
44 verbose installOne of bower to /usr/local/lib not in flight; installing
45 warn locking Error: EACCES, open '/Users/rritheshrohan/.npm/_locks/bower-e8debc5417026b57.lock'
45 warn locking     at Error (native)
45 warn locking  /Users/rritheshrohan/.npm/_locks/bower-e8debc5417026b57.lock failed { [Error: EACCES, open '/Users/rritheshrohan/.npm/_locks/bower-e8debc5417026b57.lock']
45 warn locking   errno: -13,
45 warn locking   code: 'EACCES',
45 warn locking   path: '/Users/rritheshrohan/.npm/_locks/bower-e8debc5417026b57.lock' }
46 verbose stack Error: Attempt to unlock /usr/local/lib/node_modules/bower, which hasn't been locked
46 verbose stack     at unlock (/usr/local/lib/node_modules/npm/lib/utils/locker.js:66:11)
46 verbose stack     at cb (/usr/local/lib/node_modules/npm/lib/install.js:1017:5)
46 verbose stack     at /usr/local/lib/node_modules/npm/lib/install.js:1021:20
46 verbose stack     at /usr/local/lib/node_modules/npm/lib/utils/locker.js:40:9
46 verbose stack     at cb (/usr/local/lib/node_modules/npm/node_modules/lockfile/lockfile.js:149:38)
46 verbose stack     at /usr/local/lib/node_modules/npm/node_modules/lockfile/lockfile.js:177:38
46 verbose stack     at FSReqWrap.oncomplete (fs.js:95:15)
47 verbose cwd /Users/rritheshrohan/Desktop/MAMP/PORTFOLIO/js
48 error Darwin 15.4.0
49 error argv "node" "/usr/local/bin/npm" "install" "-g" "bower"
50 error node v0.12.5
51 error npm  v2.11.2
52 error Attempt to unlock /usr/local/lib/node_modules/bower, which hasn't been locked
53 error If you need help, you may report this error at:
53 error     <https://github.com/npm/npm/issues>
54 verbose exit [ 1, true ]
